{"/Users/liuwenjie/dev/learn/kaikeba/webFullStack/02-第二章Vue全家桶及源码剖析/06-通用组件库开发实战/vue-study/src/App.vue": {"path":"/Users/liuwenjie/dev/learn/kaikeba/webFullStack/02-第二章Vue全家桶及源码剖析/06-通用组件库开发实战/vue-study/src/App.vue","statementMap":{"0":{"start":{"line":24,"column":0},"end":{"line":24,"column":null}},"1":{"start":{"line":25,"column":0},"end":{"line":25,"column":null}},"2":{"start":{"line":26,"column":0},"end":{"line":26,"column":null}}},"fnMap":{},"branchMap":{},"s":{"0":0,"1":0,"2":0},"f":{},"b":{}}
,"/Users/liuwenjie/dev/learn/kaikeba/webFullStack/02-第二章Vue全家桶及源码剖析/06-通用组件库开发实战/vue-study/src/main.js": {"path":"/Users/liuwenjie/dev/learn/kaikeba/webFullStack/02-第二章Vue全家桶及源码剖析/06-通用组件库开发实战/vue-study/src/main.js","statementMap":{"0":{"start":{"line":14,"column":0},"end":{"line":14,"column":32}},"1":{"start":{"line":16,"column":0},"end":{"line":16,"column":30}},"2":{"start":{"line":18,"column":0},"end":{"line":22,"column":1}},"3":{"start":{"line":19,"column":17},"end":{"line":19,"column":38}},"4":{"start":{"line":20,"column":2},"end":{"line":20,"column":16}},"5":{"start":{"line":21,"column":2},"end":{"line":21,"column":16}},"6":{"start":{"line":24,"column":0},"end":{"line":33,"column":17}},"7":{"start":{"line":26,"column":4},"end":{"line":28,"column":5}},"8":{"start":{"line":32,"column":15},"end":{"line":32,"column":21}}},"fnMap":{"0":{"name":"(anonymous_0)","decl":{"start":{"line":18,"column":24},"end":{"line":18,"column":25}},"loc":{"start":{"line":18,"column":40},"end":{"line":22,"column":1}},"line":18},"1":{"name":"(anonymous_1)","decl":{"start":{"line":25,"column":2},"end":{"line":25,"column":3}},"loc":{"start":{"line":25,"column":9},"end":{"line":29,"column":3}},"line":25},"2":{"name":"(anonymous_2)","decl":{"start":{"line":32,"column":10},"end":{"line":32,"column":11}},"loc":{"start":{"line":32,"column":15},"end":{"line":32,"column":21}},"line":32}},"branchMap":{},"s":{"0":0,"1":0,"2":0,"3":0,"4":0,"5":0,"6":0,"7":0,"8":0},"f":{"0":0,"1":0,"2":0},"b":{},"hash":"0252af6b0df47f661c68051e4f44a8514fefd3be"}
,"/Users/liuwenjie/dev/learn/kaikeba/webFullStack/02-第二章Vue全家桶及源码剖析/06-通用组件库开发实战/vue-study/src/components/HelloWorld.vue": {"path":"/Users/liuwenjie/dev/learn/kaikeba/webFullStack/02-第二章Vue全家桶及源码剖析/06-通用组件库开发实战/vue-study/src/components/HelloWorld.vue","statementMap":{"0":{"start":{"line":16,"column":0},"end":{"line":16,"column":null}},"1":{"start":{"line":17,"column":0},"end":{"line":17,"column":null}},"2":{"start":{"line":18,"column":0},"end":{"line":18,"column":null}},"3":{"start":{"line":19,"column":0},"end":{"line":19,"column":null}}},"fnMap":{},"branchMap":{},"s":{"0":1,"1":1,"2":1,"3":1},"f":{},"b":{}}
,"/Users/liuwenjie/dev/learn/kaikeba/webFullStack/02-第二章Vue全家桶及源码剖析/06-通用组件库开发实战/vue-study/src/components/Notice.vue": {"path":"/Users/liuwenjie/dev/learn/kaikeba/webFullStack/02-第二章Vue全家桶及源码剖析/06-通用组件库开发实战/vue-study/src/components/Notice.vue","statementMap":{"0":{"start":{"line":25,"column":0},"end":{"line":25,"column":null}},"1":{"start":{"line":31,"column":0},"end":{"line":31,"column":null}},"2":{"start":{"line":32,"column":0},"end":{"line":32,"column":null}},"3":{"start":{"line":35,"column":0},"end":{"line":35,"column":null}},"4":{"start":{"line":36,"column":0},"end":{"line":36,"column":null}}},"fnMap":{"0":{"name":"(anonymous_1)","decl":{"start":{"line":24,"column":0},"end":{"line":24,"column":null}},"loc":{"start":{"line":24,"column":0},"end":{"line":28,"column":null}}},"1":{"name":"(anonymous_2)","decl":{"start":{"line":30,"column":0},"end":{"line":30,"column":null}},"loc":{"start":{"line":30,"column":0},"end":{"line":33,"column":null}}},"2":{"name":"(anonymous_3)","decl":{"start":{"line":34,"column":0},"end":{"line":34,"column":null}},"loc":{"start":{"line":34,"column":0},"end":{"line":37,"column":null}}}},"branchMap":{},"s":{"0":0,"1":0,"2":0,"3":0,"4":0},"f":{"0":0,"1":0,"2":0},"b":{}}
,"/Users/liuwenjie/dev/learn/kaikeba/webFullStack/02-第二章Vue全家桶及源码剖析/06-通用组件库开发实战/vue-study/src/components/SvgIcon.vue": {"path":"/Users/liuwenjie/dev/learn/kaikeba/webFullStack/02-第二章Vue全家桶及源码剖析/06-通用组件库开发实战/vue-study/src/components/SvgIcon.vue","statementMap":{"0":{"start":{"line":20,"column":0},"end":{"line":20,"column":null}},"1":{"start":{"line":23,"column":0},"end":{"line":27,"column":null}},"2":{"start":{"line":24,"column":0},"end":{"line":24,"column":null}},"3":{"start":{"line":26,"column":0},"end":{"line":26,"column":null}}},"fnMap":{"0":{"name":"(anonymous_1)","decl":{"start":{"line":19,"column":0},"end":{"line":19,"column":null}},"loc":{"start":{"line":19,"column":0},"end":{"line":21,"column":null}}},"1":{"name":"(anonymous_2)","decl":{"start":{"line":22,"column":0},"end":{"line":22,"column":null}},"loc":{"start":{"line":22,"column":0},"end":{"line":28,"column":null}}}},"branchMap":{"0":{"loc":{"start":{"line":23,"column":0},"end":{"line":27,"column":null}},"type":"if","locations":[{"start":{"line":23,"column":0},"end":{"line":27,"column":null}},{"start":{"line":23,"column":0},"end":{"line":27,"column":null}}]}},"s":{"0":0,"1":0,"2":0,"3":0},"f":{"0":0,"1":0},"b":{"0":[0,0]}}
,"/Users/liuwenjie/dev/learn/kaikeba/webFullStack/02-第二章Vue全家桶及源码剖析/06-通用组件库开发实战/vue-study/src/components/communication/Child1.vue": {"path":"/Users/liuwenjie/dev/learn/kaikeba/webFullStack/02-第二章Vue全家桶及源码剖析/06-通用组件库开发实战/vue-study/src/components/communication/Child1.vue","statementMap":{"0":{"start":{"line":24,"column":0},"end":{"line":26,"column":null}},"1":{"start":{"line":25,"column":0},"end":{"line":25,"column":null}}},"fnMap":{"0":{"name":"(anonymous_1)","decl":{"start":{"line":16,"column":0},"end":{"line":16,"column":null}},"loc":{"start":{"line":16,"column":0},"end":{"line":27,"column":null}}},"1":{"name":"(anonymous_2)","decl":{"start":{"line":24,"column":0},"end":{"line":24,"column":null}},"loc":{"start":{"line":24,"column":0},"end":{"line":26,"column":null}}}},"branchMap":{},"s":{"0":0,"1":0},"f":{"0":0,"1":0},"b":{}}
,"/Users/liuwenjie/dev/learn/kaikeba/webFullStack/02-第二章Vue全家桶及源码剖析/06-通用组件库开发实战/vue-study/src/components/communication/Child2.vue": {"path":"/Users/liuwenjie/dev/learn/kaikeba/webFullStack/02-第二章Vue全家桶及源码剖析/06-通用组件库开发实战/vue-study/src/components/communication/Child2.vue","statementMap":{"0":{"start":{"line":15,"column":0},"end":{"line":15,"column":null}}},"fnMap":{"0":{"name":"(anonymous_1)","decl":{"start":{"line":11,"column":0},"end":{"line":11,"column":null}},"loc":{"start":{"line":11,"column":0},"end":{"line":16,"column":null}}}},"branchMap":{},"s":{"0":0},"f":{"0":0},"b":{}}
,"/Users/liuwenjie/dev/learn/kaikeba/webFullStack/02-第二章Vue全家桶及源码剖析/06-通用组件库开发实战/vue-study/src/components/communication/index.vue": {"path":"/Users/liuwenjie/dev/learn/kaikeba/webFullStack/02-第二章Vue全家桶及源码剖析/06-通用组件库开发实战/vue-study/src/components/communication/index.vue","statementMap":{"0":{"start":{"line":12,"column":0},"end":{"line":12,"column":null}},"1":{"start":{"line":13,"column":0},"end":{"line":13,"column":null}},"2":{"start":{"line":21,"column":0},"end":{"line":21,"column":null}},"3":{"start":{"line":26,"column":0},"end":{"line":26,"column":null}},"4":{"start":{"line":28,"column":0},"end":{"line":28,"column":null}}},"fnMap":{"0":{"name":"(anonymous_1)","decl":{"start":{"line":20,"column":0},"end":{"line":20,"column":null}},"loc":{"start":{"line":20,"column":0},"end":{"line":22,"column":null}}},"1":{"name":"(anonymous_2)","decl":{"start":{"line":24,"column":0},"end":{"line":24,"column":null}},"loc":{"start":{"line":24,"column":0},"end":{"line":30,"column":null}}}},"branchMap":{},"s":{"0":1,"1":1,"2":0,"3":0,"4":0},"f":{"0":0,"1":0},"b":{}}
,"/Users/liuwenjie/dev/learn/kaikeba/webFullStack/02-第二章Vue全家桶及源码剖析/06-通用组件库开发实战/vue-study/src/components/form/ElementTest.vue": {"path":"/Users/liuwenjie/dev/learn/kaikeba/webFullStack/02-第二章Vue全家桶及源码剖析/06-通用组件库开发实战/vue-study/src/components/form/ElementTest.vue","statementMap":{"0":{"start":{"line":18,"column":0},"end":{"line":18,"column":null}},"1":{"start":{"line":31,"column":0},"end":{"line":38,"column":null}},"2":{"start":{"line":32,"column":0},"end":{"line":37,"column":null}},"3":{"start":{"line":33,"column":0},"end":{"line":33,"column":null}},"4":{"start":{"line":35,"column":0},"end":{"line":35,"column":null}},"5":{"start":{"line":36,"column":0},"end":{"line":36,"column":null}}},"fnMap":{"0":{"name":"(anonymous_1)","decl":{"start":{"line":17,"column":0},"end":{"line":17,"column":null}},"loc":{"start":{"line":17,"column":0},"end":{"line":28,"column":null}}},"1":{"name":"(anonymous_2)","decl":{"start":{"line":30,"column":0},"end":{"line":30,"column":null}},"loc":{"start":{"line":30,"column":0},"end":{"line":39,"column":null}}},"2":{"name":"(anonymous_3)","decl":{"start":{"line":31,"column":0},"end":{"line":31,"column":null}},"loc":{"start":{"line":31,"column":0},"end":{"line":38,"column":null}}}},"branchMap":{"0":{"loc":{"start":{"line":32,"column":0},"end":{"line":37,"column":null}},"type":"if","locations":[{"start":{"line":32,"column":0},"end":{"line":37,"column":null}},{"start":{"line":32,"column":0},"end":{"line":37,"column":null}}]}},"s":{"0":0,"1":0,"2":0,"3":0,"4":0,"5":0},"f":{"0":0,"1":0,"2":0},"b":{"0":[0,0]}}
,"/Users/liuwenjie/dev/learn/kaikeba/webFullStack/02-第二章Vue全家桶及源码剖析/06-通用组件库开发实战/vue-study/src/components/form/KForm.vue": {"path":"/Users/liuwenjie/dev/learn/kaikeba/webFullStack/02-第二章Vue全家桶及源码剖析/06-通用组件库开发实战/vue-study/src/components/form/KForm.vue","statementMap":{"0":{"start":{"line":10,"column":0},"end":{"line":10,"column":null}},"1":{"start":{"line":26,"column":0},"end":{"line":26,"column":null}},"2":{"start":{"line":30,"column":0},"end":{"line":30,"column":null}}},"fnMap":{"0":{"name":"(anonymous_1)","decl":{"start":{"line":9,"column":0},"end":{"line":9,"column":null}},"loc":{"start":{"line":9,"column":0},"end":{"line":13,"column":null}}},"1":{"name":"(anonymous_2)","decl":{"start":{"line":22,"column":0},"end":{"line":22,"column":null}},"loc":{"start":{"line":22,"column":0},"end":{"line":31,"column":null}}},"2":{"name":"(anonymous_3)","decl":{"start":{"line":26,"column":0},"end":{"line":26,"column":null}},"loc":{"start":{"line":26,"column":0},"end":{"line":26,"column":null}}},"3":{"name":"(anonymous_5)","decl":{"start":{"line":30,"column":0},"end":{"line":30,"column":null}},"loc":{"start":{"line":30,"column":0},"end":{"line":30,"column":null}}}},"branchMap":{},"s":{"0":0,"1":0,"2":0},"f":{"0":0,"1":0,"2":0,"3":0},"b":{}}
,"/Users/liuwenjie/dev/learn/kaikeba/webFullStack/02-第二章Vue全家桶及源码剖析/06-通用组件库开发实战/vue-study/src/components/form/KFormItem.vue": {"path":"/Users/liuwenjie/dev/learn/kaikeba/webFullStack/02-第二章Vue全家桶及源码剖析/06-通用组件库开发实战/vue-study/src/components/form/KFormItem.vue","statementMap":{"0":{"start":{"line":13,"column":0},"end":{"line":13,"column":null}},"1":{"start":{"line":18,"column":0},"end":{"line":18,"column":null}},"2":{"start":{"line":27,"column":0},"end":{"line":29,"column":null}},"3":{"start":{"line":28,"column":0},"end":{"line":28,"column":null}},"4":{"start":{"line":34,"column":0},"end":{"line":34,"column":null}},"5":{"start":{"line":36,"column":0},"end":{"line":36,"column":null}},"6":{"start":{"line":38,"column":0},"end":{"line":38,"column":null}},"7":{"start":{"line":39,"column":0},"end":{"line":45,"column":null}},"8":{"start":{"line":40,"column":0},"end":{"line":44,"column":null}},"9":{"start":{"line":41,"column":0},"end":{"line":41,"column":null}},"10":{"start":{"line":43,"column":0},"end":{"line":43,"column":null}}},"fnMap":{"0":{"name":"(anonymous_1)","decl":{"start":{"line":17,"column":0},"end":{"line":17,"column":null}},"loc":{"start":{"line":17,"column":0},"end":{"line":21,"column":null}}},"1":{"name":"(anonymous_2)","decl":{"start":{"line":26,"column":0},"end":{"line":26,"column":null}},"loc":{"start":{"line":26,"column":0},"end":{"line":30,"column":null}}},"2":{"name":"(anonymous_3)","decl":{"start":{"line":27,"column":0},"end":{"line":27,"column":null}},"loc":{"start":{"line":27,"column":0},"end":{"line":29,"column":null}}},"3":{"name":"(anonymous_4)","decl":{"start":{"line":32,"column":0},"end":{"line":32,"column":null}},"loc":{"start":{"line":32,"column":0},"end":{"line":46,"column":null}}},"4":{"name":"(anonymous_5)","decl":{"start":{"line":39,"column":0},"end":{"line":39,"column":null}},"loc":{"start":{"line":39,"column":0},"end":{"line":45,"column":null}}}},"branchMap":{"0":{"loc":{"start":{"line":40,"column":0},"end":{"line":44,"column":null}},"type":"if","locations":[{"start":{"line":40,"column":0},"end":{"line":44,"column":null}},{"start":{"line":40,"column":0},"end":{"line":44,"column":null}}]}},"s":{"0":1,"1":0,"2":0,"3":0,"4":0,"5":0,"6":0,"7":0,"8":0,"9":0,"10":0},"f":{"0":0,"1":0,"2":0,"3":0,"4":0},"b":{"0":[0,0]}}
,"/Users/liuwenjie/dev/learn/kaikeba/webFullStack/02-第二章Vue全家桶及源码剖析/06-通用组件库开发实战/vue-study/src/components/form/KInput.vue": {"path":"/Users/liuwenjie/dev/learn/kaikeba/webFullStack/02-第二章Vue全家桶及源码剖析/06-通用组件库开发实战/vue-study/src/components/form/KInput.vue","statementMap":{"0":{"start":{"line":25,"column":0},"end":{"line":25,"column":null}},"1":{"start":{"line":28,"column":0},"end":{"line":28,"column":null}}},"fnMap":{"0":{"name":"(anonymous_1)","decl":{"start":{"line":24,"column":0},"end":{"line":24,"column":null}},"loc":{"start":{"line":24,"column":0},"end":{"line":29,"column":null}}}},"branchMap":{},"s":{"0":0,"1":0},"f":{"0":0},"b":{}}
,"/Users/liuwenjie/dev/learn/kaikeba/webFullStack/02-第二章Vue全家桶及源码剖析/06-通用组件库开发实战/vue-study/src/components/form/KTable copy.vue": {"path":"/Users/liuwenjie/dev/learn/kaikeba/webFullStack/02-第二章Vue全家桶及源码剖析/06-通用组件库开发实战/vue-study/src/components/form/KTable copy.vue","statementMap":{"0":{"start":{"line":31,"column":0},"end":{"line":31,"column":null}},"1":{"start":{"line":37,"column":0},"end":{"line":43,"column":null}},"2":{"start":{"line":38,"column":0},"end":{"line":38,"column":null}},"3":{"start":{"line":39,"column":0},"end":{"line":41,"column":null}},"4":{"start":{"line":40,"column":0},"end":{"line":40,"column":null}},"5":{"start":{"line":42,"column":0},"end":{"line":42,"column":null}}},"fnMap":{"0":{"name":"(anonymous_1)","decl":{"start":{"line":29,"column":0},"end":{"line":29,"column":null}},"loc":{"start":{"line":29,"column":0},"end":{"line":35,"column":null}}},"1":{"name":"(anonymous_2)","decl":{"start":{"line":31,"column":0},"end":{"line":31,"column":null}},"loc":{"start":{"line":31,"column":0},"end":{"line":31,"column":null}}},"2":{"name":"(anonymous_3)","decl":{"start":{"line":36,"column":0},"end":{"line":36,"column":null}},"loc":{"start":{"line":36,"column":0},"end":{"line":44,"column":null}}},"3":{"name":"(anonymous_4)","decl":{"start":{"line":37,"column":0},"end":{"line":37,"column":null}},"loc":{"start":{"line":37,"column":0},"end":{"line":43,"column":null}}},"4":{"name":"(anonymous_5)","decl":{"start":{"line":39,"column":0},"end":{"line":39,"column":null}},"loc":{"start":{"line":39,"column":0},"end":{"line":41,"column":null}}}},"branchMap":{},"s":{"0":0,"1":0,"2":0,"3":0,"4":0,"5":0},"f":{"0":0,"1":0,"2":0,"3":0,"4":0},"b":{}}
,"/Users/liuwenjie/dev/learn/kaikeba/webFullStack/02-第二章Vue全家桶及源码剖析/06-通用组件库开发实战/vue-study/src/components/form/KTable.vue": {"path":"/Users/liuwenjie/dev/learn/kaikeba/webFullStack/02-第二章Vue全家桶及源码剖析/06-通用组件库开发实战/vue-study/src/components/form/KTable.vue","statementMap":{"0":{"start":{"line":10,"column":0},"end":{"line":10,"column":null}},"1":{"start":{"line":16,"column":0},"end":{"line":23,"column":null}},"2":{"start":{"line":18,"column":0},"end":{"line":22,"column":null}},"3":{"start":{"line":19,"column":0},"end":{"line":21,"column":null}},"4":{"start":{"line":20,"column":0},"end":{"line":20,"column":null}},"5":{"start":{"line":26,"column":0},"end":{"line":26,"column":null}},"6":{"start":{"line":28,"column":0},"end":{"line":40,"column":null}},"7":{"start":{"line":28,"column":0},"end":{"line":28,"column":null}},"8":{"start":{"line":31,"column":0},"end":{"line":31,"column":null}},"9":{"start":{"line":32,"column":0},"end":{"line":38,"column":null}},"10":{"start":{"line":34,"column":0},"end":{"line":34,"column":null}},"11":{"start":{"line":37,"column":0},"end":{"line":37,"column":null}},"12":{"start":{"line":39,"column":0},"end":{"line":39,"column":null}},"13":{"start":{"line":45,"column":0},"end":{"line":45,"column":null}},"14":{"start":{"line":46,"column":0},"end":{"line":46,"column":null}},"15":{"start":{"line":48,"column":0},"end":{"line":56,"column":null}},"16":{"start":{"line":49,"column":0},"end":{"line":49,"column":null}},"17":{"start":{"line":50,"column":0},"end":{"line":50,"column":null}},"18":{"start":{"line":51,"column":0},"end":{"line":55,"column":null}},"19":{"start":{"line":52,"column":0},"end":{"line":52,"column":null}},"20":{"start":{"line":54,"column":0},"end":{"line":54,"column":null}},"21":{"start":{"line":59,"column":0},"end":{"line":59,"column":null}},"22":{"start":{"line":60,"column":0},"end":{"line":60,"column":null}},"23":{"start":{"line":63,"column":0},"end":{"line":63,"column":null}},"24":{"start":{"line":64,"column":0},"end":{"line":83,"column":null}},"25":{"start":{"line":69,"column":0},"end":{"line":77,"column":null}},"26":{"start":{"line":70,"column":0},"end":{"line":70,"column":null}},"27":{"start":{"line":71,"column":0},"end":{"line":73,"column":null}},"28":{"start":{"line":72,"column":0},"end":{"line":72,"column":null}},"29":{"start":{"line":74,"column":0},"end":{"line":74,"column":null}},"30":{"start":{"line":76,"column":0},"end":{"line":76,"column":null}},"31":{"start":{"line":78,"column":0},"end":{"line":83,"column":null}},"32":{"start":{"line":82,"column":0},"end":{"line":83,"column":null}}},"fnMap":{"0":{"name":"(anonymous_1)","decl":{"start":{"line":9,"column":0},"end":{"line":9,"column":null}},"loc":{"start":{"line":9,"column":0},"end":{"line":14,"column":null}}},"1":{"name":"(anonymous_2)","decl":{"start":{"line":15,"column":0},"end":{"line":15,"column":null}},"loc":{"start":{"line":15,"column":0},"end":{"line":24,"column":null}}},"2":{"name":"(anonymous_3)","decl":{"start":{"line":16,"column":0},"end":{"line":16,"column":null}},"loc":{"start":{"line":16,"column":0},"end":{"line":23,"column":null}}},"3":{"name":"(anonymous_4)","decl":{"start":{"line":26,"column":0},"end":{"line":26,"column":null}},"loc":{"start":{"line":26,"column":0},"end":{"line":41,"column":null}}},"4":{"name":"(anonymous_5)","decl":{"start":{"line":28,"column":0},"end":{"line":28,"column":null}},"loc":{"start":{"line":28,"column":0},"end":{"line":28,"column":null}}},"5":{"name":"(anonymous_7)","decl":{"start":{"line":34,"column":0},"end":{"line":34,"column":null}},"loc":{"start":{"line":34,"column":0},"end":{"line":34,"column":null}}},"6":{"name":"(anonymous_8)","decl":{"start":{"line":37,"column":0},"end":{"line":37,"column":null}},"loc":{"start":{"line":37,"column":0},"end":{"line":37,"column":null}}},"7":{"name":"(anonymous_9)","decl":{"start":{"line":44,"column":0},"end":{"line":44,"column":null}},"loc":{"start":{"line":44,"column":0},"end":{"line":57,"column":null}}},"8":{"name":"(anonymous_10)","decl":{"start":{"line":48,"column":0},"end":{"line":48,"column":null}},"loc":{"start":{"line":48,"column":0},"end":{"line":56,"column":null}}},"9":{"name":"(anonymous_11)","decl":{"start":{"line":58,"column":0},"end":{"line":58,"column":null}},"loc":{"start":{"line":58,"column":0},"end":{"line":61,"column":null}}},"10":{"name":"(anonymous_12)","decl":{"start":{"line":63,"column":0},"end":{"line":63,"column":null}},"loc":{"start":{"line":63,"column":0},"end":{"line":90,"column":null}}},"11":{"name":"(anonymous_13)","decl":{"start":{"line":64,"column":0},"end":{"line":64,"column":null}},"loc":{"start":{"line":64,"column":0},"end":{"line":78,"column":null}}},"12":{"name":"(anonymous_14)","decl":{"start":{"line":74,"column":0},"end":{"line":74,"column":null}},"loc":{"start":{"line":74,"column":0},"end":{"line":74,"column":null}}},"13":{"name":"(anonymous_15)","decl":{"start":{"line":78,"column":0},"end":{"line":78,"column":null}},"loc":{"start":{"line":78,"column":0},"end":{"line":83,"column":null}}},"14":{"name":"(anonymous_16)","decl":{"start":{"line":82,"column":0},"end":{"line":82,"column":null}},"loc":{"start":{"line":82,"column":0},"end":{"line":83,"column":null}}}},"branchMap":{"0":{"loc":{"start":{"line":18,"column":0},"end":{"line":22,"column":null}},"type":"if","locations":[{"start":{"line":18,"column":0},"end":{"line":22,"column":null}},{"start":{"line":18,"column":0},"end":{"line":22,"column":null}}]},"1":{"loc":{"start":{"line":19,"column":0},"end":{"line":21,"column":null}},"type":"if","locations":[{"start":{"line":19,"column":0},"end":{"line":21,"column":null}},{"start":{"line":19,"column":0},"end":{"line":21,"column":null}}]},"2":{"loc":{"start":{"line":19,"column":0},"end":{"line":19,"column":null}},"type":"binary-expr","locations":[{"start":{"line":19,"column":0},"end":{"line":19,"column":null}},{"start":{"line":19,"column":0},"end":{"line":19,"column":null}}]},"3":{"loc":{"start":{"line":32,"column":0},"end":{"line":38,"column":null}},"type":"if","locations":[{"start":{"line":32,"column":0},"end":{"line":38,"column":null}},{"start":{"line":32,"column":0},"end":{"line":38,"column":null}}]},"4":{"loc":{"start":{"line":51,"column":0},"end":{"line":55,"column":null}},"type":"if","locations":[{"start":{"line":51,"column":0},"end":{"line":55,"column":null}},{"start":{"line":51,"column":0},"end":{"line":55,"column":null}}]},"5":{"loc":{"start":{"line":52,"column":0},"end":{"line":52,"column":null}},"type":"cond-expr","locations":[{"start":{"line":52,"column":0},"end":{"line":52,"column":null}},{"start":{"line":52,"column":0},"end":{"line":52,"column":null}}]},"6":{"loc":{"start":{"line":54,"column":0},"end":{"line":54,"column":null}},"type":"cond-expr","locations":[{"start":{"line":54,"column":0},"end":{"line":54,"column":null}},{"start":{"line":54,"column":0},"end":{"line":54,"column":null}}]},"7":{"loc":{"start":{"line":59,"column":0},"end":{"line":59,"column":null}},"type":"cond-expr","locations":[{"start":{"line":59,"column":0},"end":{"line":59,"column":null}},{"start":{"line":59,"column":0},"end":{"line":59,"column":null}}]},"8":{"loc":{"start":{"line":69,"column":0},"end":{"line":77,"column":null}},"type":"if","locations":[{"start":{"line":69,"column":0},"end":{"line":77,"column":null}},{"start":{"line":69,"column":0},"end":{"line":77,"column":null}}]},"9":{"loc":{"start":{"line":69,"column":0},"end":{"line":69,"column":null}},"type":"binary-expr","locations":[{"start":{"line":69,"column":0},"end":{"line":69,"column":null}},{"start":{"line":69,"column":0},"end":{"line":69,"column":null}}]},"10":{"loc":{"start":{"line":71,"column":0},"end":{"line":73,"column":null}},"type":"if","locations":[{"start":{"line":71,"column":0},"end":{"line":73,"column":null}},{"start":{"line":71,"column":0},"end":{"line":73,"column":null}}]},"11":{"loc":{"start":{"line":72,"column":0},"end":{"line":72,"column":null}},"type":"cond-expr","locations":[{"start":{"line":72,"column":0},"end":{"line":72,"column":null}},{"start":{"line":72,"column":0},"end":{"line":72,"column":null}}]}},"s":{"0":2,"1":2,"2":8,"3":2,"4":1,"5":2,"6":2,"7":14,"8":8,"9":8,"10":14,"11":42,"12":8,"13":4,"14":4,"15":4,"16":16,"17":16,"18":16,"19":8,"20":8,"21":3,"22":3,"23":3,"24":3,"25":12,"26":4,"27":4,"28":2,"29":7,"30":8,"31":12,"32":48},"f":{"0":2,"1":2,"2":8,"3":2,"4":22,"5":12,"6":36,"7":4,"8":16,"9":3,"10":3,"11":12,"12":3,"13":12,"14":48},"b":{"0":[2,6],"1":[1,1],"2":[2,2],"3":[2,6],"4":[8,8],"5":[5,3],"6":[3,5],"7":[2,1],"8":[4,8],"9":[12,4],"10":[2,2],"11":[1,1]}}
,"/Users/liuwenjie/dev/learn/kaikeba/webFullStack/02-第二章Vue全家桶及源码剖析/06-通用组件库开发实战/vue-study/src/components/form/index.vue": {"path":"/Users/liuwenjie/dev/learn/kaikeba/webFullStack/02-第二章Vue全家桶及源码剖析/06-通用组件库开发实战/vue-study/src/components/form/index.vue","statementMap":{"0":{"start":{"line":45,"column":0},"end":{"line":45,"column":null}},"1":{"start":{"line":46,"column":0},"end":{"line":46,"column":null}},"2":{"start":{"line":47,"column":0},"end":{"line":47,"column":null}},"3":{"start":{"line":48,"column":0},"end":{"line":48,"column":null}},"4":{"start":{"line":49,"column":0},"end":{"line":49,"column":null}},"5":{"start":{"line":50,"column":0},"end":{"line":50,"column":null}},"6":{"start":{"line":62,"column":0},"end":{"line":62,"column":null}},"7":{"start":{"line":95,"column":0},"end":{"line":113,"column":null}},"8":{"start":{"line":96,"column":0},"end":{"line":96,"column":null}}},"fnMap":{"0":{"name":"(anonymous_1)","decl":{"start":{"line":61,"column":0},"end":{"line":61,"column":null}},"loc":{"start":{"line":61,"column":0},"end":{"line":92,"column":null}}},"1":{"name":"(anonymous_2)","decl":{"start":{"line":94,"column":0},"end":{"line":94,"column":null}},"loc":{"start":{"line":94,"column":0},"end":{"line":114,"column":null}}},"2":{"name":"(anonymous_3)","decl":{"start":{"line":95,"column":0},"end":{"line":95,"column":null}},"loc":{"start":{"line":95,"column":0},"end":{"line":113,"column":null}}}},"branchMap":{"0":{"loc":{"start":{"line":98,"column":0},"end":{"line":98,"column":null}},"type":"cond-expr","locations":[{"start":{"line":98,"column":0},"end":{"line":98,"column":null}},{"start":{"line":98,"column":0},"end":{"line":98,"column":null}}]}},"s":{"0":1,"1":1,"2":1,"3":1,"4":1,"5":1,"6":0,"7":0,"8":0},"f":{"0":0,"1":0,"2":0},"b":{"0":[0,0]}}
,"/Users/liuwenjie/dev/learn/kaikeba/webFullStack/02-第二章Vue全家桶及源码剖析/06-通用组件库开发实战/vue-study/src/components/recursion/Tree.vue": {"path":"/Users/liuwenjie/dev/learn/kaikeba/webFullStack/02-第二章Vue全家桶及源码剖析/06-通用组件库开发实战/vue-study/src/components/recursion/Tree.vue","statementMap":{"0":{"start":{"line":8,"column":0},"end":{"line":8,"column":null}}},"fnMap":{},"branchMap":{},"s":{"0":1},"f":{},"b":{}}
,"/Users/liuwenjie/dev/learn/kaikeba/webFullStack/02-第二章Vue全家桶及源码剖析/06-通用组件库开发实战/vue-study/src/components/recursion/TreeNode.vue": {"path":"/Users/liuwenjie/dev/learn/kaikeba/webFullStack/02-第二章Vue全家桶及源码剖析/06-通用组件库开发实战/vue-study/src/components/recursion/TreeNode.vue","statementMap":{"0":{"start":{"line":26,"column":0},"end":{"line":26,"column":null}},"1":{"start":{"line":32,"column":0},"end":{"line":32,"column":null}},"2":{"start":{"line":37,"column":0},"end":{"line":39,"column":null}},"3":{"start":{"line":38,"column":0},"end":{"line":38,"column":null}}},"fnMap":{"0":{"name":"(anonymous_1)","decl":{"start":{"line":25,"column":0},"end":{"line":25,"column":null}},"loc":{"start":{"line":25,"column":0},"end":{"line":29,"column":null}}},"1":{"name":"(anonymous_2)","decl":{"start":{"line":31,"column":0},"end":{"line":31,"column":null}},"loc":{"start":{"line":31,"column":0},"end":{"line":33,"column":null}}},"2":{"name":"(anonymous_3)","decl":{"start":{"line":36,"column":0},"end":{"line":36,"column":null}},"loc":{"start":{"line":36,"column":0},"end":{"line":40,"column":null}}}},"branchMap":{"0":{"loc":{"start":{"line":32,"column":0},"end":{"line":32,"column":null}},"type":"binary-expr","locations":[{"start":{"line":32,"column":0},"end":{"line":32,"column":null}},{"start":{"line":32,"column":0},"end":{"line":32,"column":null}}]},"1":{"loc":{"start":{"line":37,"column":0},"end":{"line":39,"column":null}},"type":"if","locations":[{"start":{"line":37,"column":0},"end":{"line":39,"column":null}},{"start":{"line":37,"column":0},"end":{"line":39,"column":null}}]}},"s":{"0":0,"1":0,"2":0,"3":0},"f":{"0":0,"1":0,"2":0},"b":{"0":[0,0],"1":[0,0]}}
,"/Users/liuwenjie/dev/learn/kaikeba/webFullStack/02-第二章Vue全家桶及源码剖析/06-通用组件库开发实战/vue-study/src/components/recursion/index.vue": {"path":"/Users/liuwenjie/dev/learn/kaikeba/webFullStack/02-第二章Vue全家桶及源码剖析/06-通用组件库开发实战/vue-study/src/components/recursion/index.vue","statementMap":{"0":{"start":{"line":6,"column":0},"end":{"line":6,"column":null}},"1":{"start":{"line":9,"column":0},"end":{"line":9,"column":null}}},"fnMap":{"0":{"name":"(anonymous_1)","decl":{"start":{"line":8,"column":0},"end":{"line":8,"column":null}},"loc":{"start":{"line":8,"column":0},"end":{"line":66,"column":null}}}},"branchMap":{},"s":{"0":1,"1":0},"f":{"0":0},"b":{}}
,"/Users/liuwenjie/dev/learn/kaikeba/webFullStack/02-第二章Vue全家桶及源码剖析/06-通用组件库开发实战/vue-study/src/components/slots/Layout.vue": {"path":"/Users/liuwenjie/dev/learn/kaikeba/webFullStack/02-第二章Vue全家桶及源码剖析/06-通用组件库开发实战/vue-study/src/components/slots/Layout.vue","statementMap":{"0":{"start":{"line":18,"column":0},"end":{"line":18,"column":null}},"1":{"start":{"line":32,"column":0},"end":{"line":32,"column":null}}},"fnMap":{"0":{"name":"(anonymous_1)","decl":{"start":{"line":17,"column":0},"end":{"line":17,"column":null}},"loc":{"start":{"line":17,"column":0},"end":{"line":29,"column":null}}},"1":{"name":"(anonymous_2)","decl":{"start":{"line":31,"column":0},"end":{"line":31,"column":null}},"loc":{"start":{"line":31,"column":0},"end":{"line":33,"column":null}}}},"branchMap":{},"s":{"0":0,"1":0},"f":{"0":0,"1":0},"b":{}}
,"/Users/liuwenjie/dev/learn/kaikeba/webFullStack/02-第二章Vue全家桶及源码剖析/06-通用组件库开发实战/vue-study/src/components/slots/index.vue": {"path":"/Users/liuwenjie/dev/learn/kaikeba/webFullStack/02-第二章Vue全家桶及源码剖析/06-通用组件库开发实战/vue-study/src/components/slots/index.vue","statementMap":{"0":{"start":{"line":17,"column":0},"end":{"line":17,"column":null}}},"fnMap":{},"branchMap":{},"s":{"0":1},"f":{},"b":{}}
,"/Users/liuwenjie/dev/learn/kaikeba/webFullStack/02-第二章Vue全家桶及源码剖析/06-通用组件库开发实战/vue-study/src/icons/index.js": {"path":"/Users/liuwenjie/dev/learn/kaikeba/webFullStack/02-第二章Vue全家桶及源码剖析/06-通用组件库开发实战/vue-study/src/icons/index.js","statementMap":{"0":{"start":{"line":5,"column":12},"end":{"line":5,"column":53}},"1":{"start":{"line":7,"column":0},"end":{"line":7,"column":24}},"2":{"start":{"line":8,"column":0},"end":{"line":8,"column":19}},"3":{"start":{"line":11,"column":0},"end":{"line":11,"column":34}}},"fnMap":{},"branchMap":{},"s":{"0":0,"1":0,"2":0,"3":0},"f":{},"b":{},"hash":"d5e8a4d636b92c7c406b2ca73c0f08ca3ecb327f"}
,"/Users/liuwenjie/dev/learn/kaikeba/webFullStack/02-第二章Vue全家桶及源码剖析/06-通用组件库开发实战/vue-study/src/krouter/index.js": {"path":"/Users/liuwenjie/dev/learn/kaikeba/webFullStack/02-第二章Vue全家桶及源码剖析/06-通用组件库开发实战/vue-study/src/krouter/index.js","statementMap":{"0":{"start":{"line":6,"column":0},"end":{"line":6,"column":18}},"1":{"start":{"line":9,"column":15},"end":{"line":23,"column":1}},"2":{"start":{"line":21,"column":21},"end":{"line":21,"column":81}},"3":{"start":{"line":25,"column":15},"end":{"line":27,"column":2}}},"fnMap":{"0":{"name":"(anonymous_0)","decl":{"start":{"line":21,"column":15},"end":{"line":21,"column":16}},"loc":{"start":{"line":21,"column":21},"end":{"line":21,"column":81}},"line":21}},"branchMap":{},"s":{"0":0,"1":0,"2":0,"3":0},"f":{"0":0},"b":{},"hash":"827227b9b8278efc9b60e65f88bede92d2795239"}
,"/Users/liuwenjie/dev/learn/kaikeba/webFullStack/02-第二章Vue全家桶及源码剖析/06-通用组件库开发实战/vue-study/src/krouter/kvue-router.js": {"path":"/Users/liuwenjie/dev/learn/kaikeba/webFullStack/02-第二章Vue全家桶及源码剖析/06-通用组件库开发实战/vue-study/src/krouter/kvue-router.js","statementMap":{"0":{"start":{"line":8,"column":4},"end":{"line":8,"column":28}},"1":{"start":{"line":14,"column":4},"end":{"line":14,"column":49}},"2":{"start":{"line":17,"column":4},"end":{"line":21,"column":7}},"3":{"start":{"line":18,"column":6},"end":{"line":18,"column":40}},"4":{"start":{"line":20,"column":6},"end":{"line":20,"column":51}},"5":{"start":{"line":26,"column":0},"end":{"line":73,"column":2}},"6":{"start":{"line":27,"column":2},"end":{"line":27,"column":13}},"7":{"start":{"line":31,"column":2},"end":{"line":39,"column":5}},"8":{"start":{"line":34,"column":6},"end":{"line":37,"column":7}},"9":{"start":{"line":36,"column":8},"end":{"line":36,"column":53}},"10":{"start":{"line":42,"column":2},"end":{"line":55,"column":5}},"11":{"start":{"line":53,"column":6},"end":{"line":53,"column":77}},"12":{"start":{"line":56,"column":2},"end":{"line":72,"column":5}},"13":{"start":{"line":58,"column":17},"end":{"line":58,"column":21}},"14":{"start":{"line":62,"column":20},"end":{"line":64,"column":7}},"15":{"start":{"line":63,"column":19},"end":{"line":63,"column":54}},"16":{"start":{"line":65,"column":6},"end":{"line":68,"column":7}},"17":{"start":{"line":67,"column":8},"end":{"line":67,"column":30}},"18":{"start":{"line":70,"column":6},"end":{"line":70,"column":21}}},"fnMap":{"0":{"name":"(anonymous_0)","decl":{"start":{"line":6,"column":2},"end":{"line":6,"column":3}},"loc":{"start":{"line":6,"column":23},"end":{"line":22,"column":3}},"line":6},"1":{"name":"(anonymous_1)","decl":{"start":{"line":17,"column":42},"end":{"line":17,"column":43}},"loc":{"start":{"line":17,"column":48},"end":{"line":21,"column":5}},"line":17},"2":{"name":"(anonymous_2)","decl":{"start":{"line":26,"column":20},"end":{"line":26,"column":21}},"loc":{"start":{"line":26,"column":35},"end":{"line":73,"column":1}},"line":26},"3":{"name":"(anonymous_3)","decl":{"start":{"line":32,"column":4},"end":{"line":32,"column":5}},"loc":{"start":{"line":32,"column":19},"end":{"line":38,"column":5}},"line":32},"4":{"name":"(anonymous_4)","decl":{"start":{"line":49,"column":4},"end":{"line":49,"column":5}},"loc":{"start":{"line":49,"column":14},"end":{"line":54,"column":5}},"line":49},"5":{"name":"(anonymous_5)","decl":{"start":{"line":57,"column":4},"end":{"line":57,"column":5}},"loc":{"start":{"line":57,"column":14},"end":{"line":71,"column":5}},"line":57},"6":{"name":"(anonymous_6)","decl":{"start":{"line":63,"column":8},"end":{"line":63,"column":9}},"loc":{"start":{"line":63,"column":19},"end":{"line":63,"column":54}},"line":63}},"branchMap":{"0":{"loc":{"start":{"line":34,"column":6},"end":{"line":37,"column":7}},"type":"if","locations":[{"start":{"line":34,"column":6},"end":{"line":37,"column":7}},{"start":{"line":34,"column":6},"end":{"line":37,"column":7}}],"line":34},"1":{"loc":{"start":{"line":65,"column":6},"end":{"line":68,"column":7}},"type":"if","locations":[{"start":{"line":65,"column":6},"end":{"line":68,"column":7}},{"start":{"line":65,"column":6},"end":{"line":68,"column":7}}],"line":65}},"s":{"0":0,"1":0,"2":0,"3":0,"4":0,"5":0,"6":0,"7":0,"8":0,"9":0,"10":0,"11":0,"12":0,"13":0,"14":0,"15":0,"16":0,"17":0,"18":0},"f":{"0":0,"1":0,"2":0,"3":0,"4":0,"5":0,"6":0},"b":{"0":[0,0],"1":[0,0]},"hash":"63b963ccefdf5c056c5c7c1f552c183646cf2839"}
,"/Users/liuwenjie/dev/learn/kaikeba/webFullStack/02-第二章Vue全家桶及源码剖析/06-通用组件库开发实战/vue-study/src/kstore/index.js": {"path":"/Users/liuwenjie/dev/learn/kaikeba/webFullStack/02-第二章Vue全家桶及源码剖析/06-通用组件库开发实战/vue-study/src/kstore/index.js","statementMap":{"0":{"start":{"line":4,"column":0},"end":{"line":4,"column":13}},"1":{"start":{"line":13,"column":6},"end":{"line":13,"column":21}},"2":{"start":{"line":18,"column":6},"end":{"line":20,"column":15}},"3":{"start":{"line":19,"column":8},"end":{"line":19,"column":21}},"4":{"start":{"line":25,"column":6},"end":{"line":25,"column":31}}},"fnMap":{"0":{"name":"(anonymous_0)","decl":{"start":{"line":11,"column":4},"end":{"line":11,"column":5}},"loc":{"start":{"line":11,"column":15},"end":{"line":14,"column":5}},"line":11},"1":{"name":"(anonymous_1)","decl":{"start":{"line":17,"column":4},"end":{"line":17,"column":5}},"loc":{"start":{"line":17,"column":18},"end":{"line":21,"column":5}},"line":17},"2":{"name":"(anonymous_2)","decl":{"start":{"line":18,"column":17},"end":{"line":18,"column":18}},"loc":{"start":{"line":18,"column":23},"end":{"line":20,"column":7}},"line":18},"3":{"name":"(anonymous_3)","decl":{"start":{"line":24,"column":19},"end":{"line":24,"column":20}},"loc":{"start":{"line":24,"column":28},"end":{"line":26,"column":5}},"line":24}},"branchMap":{},"s":{"0":0,"1":0,"2":0,"3":0,"4":0},"f":{"0":0,"1":0,"2":0,"3":0},"b":{},"hash":"4dbf125ca18cc76da199ef2d02b160211fd3c151"}
,"/Users/liuwenjie/dev/learn/kaikeba/webFullStack/02-第二章Vue全家桶及源码剖析/06-通用组件库开发实战/vue-study/src/kstore/kvuex.js": {"path":"/Users/liuwenjie/dev/learn/kaikeba/webFullStack/02-第二章Vue全家桶及源码剖析/06-通用组件库开发实战/vue-study/src/kstore/kvuex.js","statementMap":{"0":{"start":{"line":9,"column":4},"end":{"line":13,"column":6}},"1":{"start":{"line":16,"column":4},"end":{"line":16,"column":39}},"2":{"start":{"line":17,"column":4},"end":{"line":17,"column":35}},"3":{"start":{"line":20,"column":4},"end":{"line":20,"column":40}},"4":{"start":{"line":21,"column":4},"end":{"line":21,"column":44}},"5":{"start":{"line":25,"column":4},"end":{"line":25,"column":33}},"6":{"start":{"line":29,"column":4},"end":{"line":29,"column":31}},"7":{"start":{"line":33,"column":18},"end":{"line":33,"column":39}},"8":{"start":{"line":35,"column":4},"end":{"line":38,"column":5}},"9":{"start":{"line":36,"column":6},"end":{"line":36,"column":35}},"10":{"start":{"line":37,"column":6},"end":{"line":37,"column":12}},"11":{"start":{"line":40,"column":4},"end":{"line":40,"column":30}},"12":{"start":{"line":44,"column":18},"end":{"line":44,"column":37}},"13":{"start":{"line":46,"column":4},"end":{"line":49,"column":5}},"14":{"start":{"line":47,"column":6},"end":{"line":47,"column":33}},"15":{"start":{"line":48,"column":6},"end":{"line":48,"column":12}},"16":{"start":{"line":51,"column":4},"end":{"line":51,"column":24}},"17":{"start":{"line":56,"column":2},"end":{"line":56,"column":12}},"18":{"start":{"line":58,"column":2},"end":{"line":64,"column":4}},"19":{"start":{"line":60,"column":6},"end":{"line":62,"column":7}},"20":{"start":{"line":61,"column":8},"end":{"line":61,"column":50}}},"fnMap":{"0":{"name":"(anonymous_0)","decl":{"start":{"line":7,"column":2},"end":{"line":7,"column":3}},"loc":{"start":{"line":7,"column":23},"end":{"line":22,"column":3}},"line":7},"1":{"name":"(anonymous_1)","decl":{"start":{"line":24,"column":2},"end":{"line":24,"column":3}},"loc":{"start":{"line":24,"column":14},"end":{"line":26,"column":3}},"line":24},"2":{"name":"(anonymous_2)","decl":{"start":{"line":28,"column":2},"end":{"line":28,"column":3}},"loc":{"start":{"line":28,"column":15},"end":{"line":30,"column":3}},"line":28},"3":{"name":"(anonymous_3)","decl":{"start":{"line":32,"column":2},"end":{"line":32,"column":3}},"loc":{"start":{"line":32,"column":24},"end":{"line":41,"column":3}},"line":32},"4":{"name":"(anonymous_4)","decl":{"start":{"line":43,"column":2},"end":{"line":43,"column":3}},"loc":{"start":{"line":43,"column":26},"end":{"line":52,"column":3}},"line":43},"5":{"name":"install","decl":{"start":{"line":55,"column":9},"end":{"line":55,"column":16}},"loc":{"start":{"line":55,"column":23},"end":{"line":65,"column":1}},"line":55},"6":{"name":"(anonymous_6)","decl":{"start":{"line":59,"column":4},"end":{"line":59,"column":5}},"loc":{"start":{"line":59,"column":19},"end":{"line":63,"column":5}},"line":59}},"branchMap":{"0":{"loc":{"start":{"line":35,"column":4},"end":{"line":38,"column":5}},"type":"if","locations":[{"start":{"line":35,"column":4},"end":{"line":38,"column":5}},{"start":{"line":35,"column":4},"end":{"line":38,"column":5}}],"line":35},"1":{"loc":{"start":{"line":46,"column":4},"end":{"line":49,"column":5}},"type":"if","locations":[{"start":{"line":46,"column":4},"end":{"line":49,"column":5}},{"start":{"line":46,"column":4},"end":{"line":49,"column":5}}],"line":46},"2":{"loc":{"start":{"line":60,"column":6},"end":{"line":62,"column":7}},"type":"if","locations":[{"start":{"line":60,"column":6},"end":{"line":62,"column":7}},{"start":{"line":60,"column":6},"end":{"line":62,"column":7}}],"line":60}},"s":{"0":0,"1":0,"2":0,"3":0,"4":0,"5":0,"6":0,"7":0,"8":0,"9":0,"10":0,"11":0,"12":0,"13":0,"14":0,"15":0,"16":0,"17":0,"18":0,"19":0,"20":0},"f":{"0":0,"1":0,"2":0,"3":0,"4":0,"5":0,"6":0},"b":{"0":[0,0],"1":[0,0],"2":[0,0]},"hash":"bfe0ed09a1227b7a99daeb86ba51c1c6a88be3cf"}
,"/Users/liuwenjie/dev/learn/kaikeba/webFullStack/02-第二章Vue全家桶及源码剖析/06-通用组件库开发实战/vue-study/src/plugins/element.js": {"path":"/Users/liuwenjie/dev/learn/kaikeba/webFullStack/02-第二章Vue全家桶及源码剖析/06-通用组件库开发实战/vue-study/src/plugins/element.js","statementMap":{"0":{"start":{"line":5,"column":0},"end":{"line":5,"column":16}}},"fnMap":{},"branchMap":{},"s":{"0":0},"f":{},"b":{},"hash":"efc3b2055d53191660b78dc7a3e72e09a67e82fa"}
,"/Users/liuwenjie/dev/learn/kaikeba/webFullStack/02-第二章Vue全家桶及源码剖析/06-通用组件库开发实战/vue-study/src/router/index.js": {"path":"/Users/liuwenjie/dev/learn/kaikeba/webFullStack/02-第二章Vue全家桶及源码剖析/06-通用组件库开发实战/vue-study/src/router/index.js","statementMap":{"0":{"start":{"line":5,"column":0},"end":{"line":5,"column":18}},"1":{"start":{"line":7,"column":15},"end":{"line":21,"column":1}},"2":{"start":{"line":19,"column":21},"end":{"line":19,"column":81}},"3":{"start":{"line":23,"column":15},"end":{"line":25,"column":2}}},"fnMap":{"0":{"name":"(anonymous_0)","decl":{"start":{"line":19,"column":15},"end":{"line":19,"column":16}},"loc":{"start":{"line":19,"column":21},"end":{"line":19,"column":81}},"line":19}},"branchMap":{},"s":{"0":0,"1":0,"2":0,"3":0},"f":{"0":0},"b":{},"hash":"49997581be2c6ca3f017c204ba598e6bdb8a4f6d"}
,"/Users/liuwenjie/dev/learn/kaikeba/webFullStack/02-第二章Vue全家桶及源码剖析/06-通用组件库开发实战/vue-study/src/store/index.js": {"path":"/Users/liuwenjie/dev/learn/kaikeba/webFullStack/02-第二章Vue全家桶及源码剖析/06-通用组件库开发实战/vue-study/src/store/index.js","statementMap":{"0":{"start":{"line":4,"column":0},"end":{"line":4,"column":13}}},"fnMap":{},"branchMap":{},"s":{"0":0},"f":{},"b":{},"hash":"e7e67dae93d5dc629277f274456b9dd30cb14e2d"}
,"/Users/liuwenjie/dev/learn/kaikeba/webFullStack/02-第二章Vue全家桶及源码剖析/06-通用组件库开发实战/vue-study/src/utils/create.js": {"path":"/Users/liuwenjie/dev/learn/kaikeba/webFullStack/02-第二章Vue全家桶及源码剖析/06-通用组件库开发实战/vue-study/src/utils/create.js","statementMap":{"0":{"start":{"line":11,"column":15},"end":{"line":13,"column":6}},"1":{"start":{"line":12,"column":21},"end":{"line":12,"column":44}},"2":{"start":{"line":16,"column":4},"end":{"line":16,"column":15}},"3":{"start":{"line":18,"column":4},"end":{"line":18,"column":38}},"4":{"start":{"line":21,"column":17},"end":{"line":21,"column":32}},"5":{"start":{"line":24,"column":4},"end":{"line":27,"column":5}},"6":{"start":{"line":25,"column":8},"end":{"line":25,"column":42}},"7":{"start":{"line":26,"column":8},"end":{"line":26,"column":22}},"8":{"start":{"line":29,"column":4},"end":{"line":29,"column":16}}},"fnMap":{"0":{"name":"create","decl":{"start":{"line":4,"column":24},"end":{"line":4,"column":30}},"loc":{"start":{"line":4,"column":49},"end":{"line":30,"column":1}},"line":4},"1":{"name":"(anonymous_1)","decl":{"start":{"line":12,"column":16},"end":{"line":12,"column":17}},"loc":{"start":{"line":12,"column":21},"end":{"line":12,"column":44}},"line":12},"2":{"name":"(anonymous_2)","decl":{"start":{"line":24,"column":18},"end":{"line":24,"column":19}},"loc":{"start":{"line":24,"column":24},"end":{"line":27,"column":5}},"line":24}},"branchMap":{},"s":{"0":0,"1":0,"2":0,"3":0,"4":0,"5":0,"6":0,"7":0,"8":0},"f":{"0":0,"1":0,"2":0},"b":{},"hash":"4148477f07d75c5197322c1c590990b87998bb60"}
,"/Users/liuwenjie/dev/learn/kaikeba/webFullStack/02-第二章Vue全家桶及源码剖析/06-通用组件库开发实战/vue-study/src/views/Home.vue": {"path":"/Users/liuwenjie/dev/learn/kaikeba/webFullStack/02-第二章Vue全家桶及源码剖析/06-通用组件库开发实战/vue-study/src/views/Home.vue","statementMap":{"0":{"start":{"line":10,"column":0},"end":{"line":10,"column":null}}},"fnMap":{},"branchMap":{},"s":{"0":0},"f":{},"b":{}}
}
