TN:
SF:/Users/liuwenjie/dev/learn/kaikeba/webFullStack/02-第二章Vue全家桶及源码剖析/06-通用组件库开发实战/vue-study/src/App.vue
FNF:0
FNH:0
DA:24,0
DA:25,0
DA:26,0
LF:3
LH:0
BRF:0
BRH:0
end_of_record
TN:
SF:/Users/liuwenjie/dev/learn/kaikeba/webFullStack/02-第二章Vue全家桶及源码剖析/06-通用组件库开发实战/vue-study/src/main.js
FN:18,(anonymous_0)
FN:25,(anonymous_1)
FN:32,(anonymous_2)
FNF:3
FNH:0
FNDA:0,(anonymous_0)
FNDA:0,(anonymous_1)
FNDA:0,(anonymous_2)
DA:14,0
DA:16,0
DA:18,0
DA:19,0
DA:20,0
DA:21,0
DA:24,0
DA:26,0
DA:32,0
LF:9
LH:0
BRF:0
BRH:0
end_of_record
TN:
SF:/Users/liuwenjie/dev/learn/kaikeba/webFullStack/02-第二章Vue全家桶及源码剖析/06-通用组件库开发实战/vue-study/src/components/HelloWorld.vue
FNF:0
FNH:0
DA:16,1
DA:17,1
DA:18,1
DA:19,1
LF:4
LH:4
BRF:0
BRH:0
end_of_record
TN:
SF:/Users/liuwenjie/dev/learn/kaikeba/webFullStack/02-第二章Vue全家桶及源码剖析/06-通用组件库开发实战/vue-study/src/components/Notice.vue
FN:24,(anonymous_1)
FN:30,(anonymous_2)
FN:34,(anonymous_3)
FNF:3
FNH:0
FNDA:0,(anonymous_1)
FNDA:0,(anonymous_2)
FNDA:0,(anonymous_3)
DA:25,0
DA:31,0
DA:32,0
DA:35,0
DA:36,0
LF:5
LH:0
BRF:0
BRH:0
end_of_record
TN:
SF:/Users/liuwenjie/dev/learn/kaikeba/webFullStack/02-第二章Vue全家桶及源码剖析/06-通用组件库开发实战/vue-study/src/components/SvgIcon.vue
FN:19,(anonymous_1)
FN:22,(anonymous_2)
FNF:2
FNH:0
FNDA:0,(anonymous_1)
FNDA:0,(anonymous_2)
DA:20,0
DA:23,0
DA:24,0
DA:26,0
LF:4
LH:0
BRDA:23,0,0,0
BRDA:23,0,1,0
BRF:2
BRH:0
end_of_record
TN:
SF:/Users/liuwenjie/dev/learn/kaikeba/webFullStack/02-第二章Vue全家桶及源码剖析/06-通用组件库开发实战/vue-study/src/components/communication/Child1.vue
FN:16,(anonymous_1)
FN:24,(anonymous_2)
FNF:2
FNH:0
FNDA:0,(anonymous_1)
FNDA:0,(anonymous_2)
DA:24,0
DA:25,0
LF:2
LH:0
BRF:0
BRH:0
end_of_record
TN:
SF:/Users/liuwenjie/dev/learn/kaikeba/webFullStack/02-第二章Vue全家桶及源码剖析/06-通用组件库开发实战/vue-study/src/components/communication/Child2.vue
FN:11,(anonymous_1)
FNF:1
FNH:0
FNDA:0,(anonymous_1)
DA:15,0
LF:1
LH:0
BRF:0
BRH:0
end_of_record
TN:
SF:/Users/liuwenjie/dev/learn/kaikeba/webFullStack/02-第二章Vue全家桶及源码剖析/06-通用组件库开发实战/vue-study/src/components/communication/index.vue
FN:20,(anonymous_1)
FN:24,(anonymous_2)
FNF:2
FNH:0
FNDA:0,(anonymous_1)
FNDA:0,(anonymous_2)
DA:12,1
DA:13,1
DA:21,0
DA:26,0
DA:28,0
LF:5
LH:2
BRF:0
BRH:0
end_of_record
TN:
SF:/Users/liuwenjie/dev/learn/kaikeba/webFullStack/02-第二章Vue全家桶及源码剖析/06-通用组件库开发实战/vue-study/src/components/form/ElementTest.vue
FN:17,(anonymous_1)
FN:30,(anonymous_2)
FN:31,(anonymous_3)
FNF:3
FNH:0
FNDA:0,(anonymous_1)
FNDA:0,(anonymous_2)
FNDA:0,(anonymous_3)
DA:18,0
DA:31,0
DA:32,0
DA:33,0
DA:35,0
DA:36,0
LF:6
LH:0
BRDA:32,0,0,0
BRDA:32,0,1,0
BRF:2
BRH:0
end_of_record
TN:
SF:/Users/liuwenjie/dev/learn/kaikeba/webFullStack/02-第二章Vue全家桶及源码剖析/06-通用组件库开发实战/vue-study/src/components/form/KForm.vue
FN:9,(anonymous_1)
FN:22,(anonymous_2)
FN:26,(anonymous_3)
FN:30,(anonymous_5)
FNF:4
FNH:0
FNDA:0,(anonymous_1)
FNDA:0,(anonymous_2)
FNDA:0,(anonymous_3)
FNDA:0,(anonymous_5)
DA:10,0
DA:26,0
DA:30,0
LF:3
LH:0
BRF:0
BRH:0
end_of_record
TN:
SF:/Users/liuwenjie/dev/learn/kaikeba/webFullStack/02-第二章Vue全家桶及源码剖析/06-通用组件库开发实战/vue-study/src/components/form/KFormItem.vue
FN:17,(anonymous_1)
FN:26,(anonymous_2)
FN:27,(anonymous_3)
FN:32,(anonymous_4)
FN:39,(anonymous_5)
FNF:5
FNH:0
FNDA:0,(anonymous_1)
FNDA:0,(anonymous_2)
FNDA:0,(anonymous_3)
FNDA:0,(anonymous_4)
FNDA:0,(anonymous_5)
DA:13,1
DA:18,0
DA:27,0
DA:28,0
DA:34,0
DA:36,0
DA:38,0
DA:39,0
DA:40,0
DA:41,0
DA:43,0
LF:11
LH:1
BRDA:40,0,0,0
BRDA:40,0,1,0
BRF:2
BRH:0
end_of_record
TN:
SF:/Users/liuwenjie/dev/learn/kaikeba/webFullStack/02-第二章Vue全家桶及源码剖析/06-通用组件库开发实战/vue-study/src/components/form/KInput.vue
FN:24,(anonymous_1)
FNF:1
FNH:0
FNDA:0,(anonymous_1)
DA:25,0
DA:28,0
LF:2
LH:0
BRF:0
BRH:0
end_of_record
TN:
SF:/Users/liuwenjie/dev/learn/kaikeba/webFullStack/02-第二章Vue全家桶及源码剖析/06-通用组件库开发实战/vue-study/src/components/form/KTable copy.vue
FN:29,(anonymous_1)
FN:31,(anonymous_2)
FN:36,(anonymous_3)
FN:37,(anonymous_4)
FN:39,(anonymous_5)
FNF:5
FNH:0
FNDA:0,(anonymous_1)
FNDA:0,(anonymous_2)
FNDA:0,(anonymous_3)
FNDA:0,(anonymous_4)
FNDA:0,(anonymous_5)
DA:31,0
DA:37,0
DA:38,0
DA:39,0
DA:40,0
DA:42,0
LF:6
LH:0
BRF:0
BRH:0
end_of_record
TN:
SF:/Users/liuwenjie/dev/learn/kaikeba/webFullStack/02-第二章Vue全家桶及源码剖析/06-通用组件库开发实战/vue-study/src/components/form/KTable.vue
FN:9,(anonymous_1)
FN:15,(anonymous_2)
FN:16,(anonymous_3)
FN:26,(anonymous_4)
FN:28,(anonymous_5)
FN:34,(anonymous_7)
FN:37,(anonymous_8)
FN:44,(anonymous_9)
FN:48,(anonymous_10)
FN:58,(anonymous_11)
FN:63,(anonymous_12)
FN:64,(anonymous_13)
FN:74,(anonymous_14)
FN:78,(anonymous_15)
FN:82,(anonymous_16)
FNF:15
FNH:15
FNDA:2,(anonymous_1)
FNDA:2,(anonymous_2)
FNDA:8,(anonymous_3)
FNDA:2,(anonymous_4)
FNDA:22,(anonymous_5)
FNDA:12,(anonymous_7)
FNDA:36,(anonymous_8)
FNDA:4,(anonymous_9)
FNDA:16,(anonymous_10)
FNDA:3,(anonymous_11)
FNDA:3,(anonymous_12)
FNDA:12,(anonymous_13)
FNDA:3,(anonymous_14)
FNDA:12,(anonymous_15)
FNDA:48,(anonymous_16)
DA:10,2
DA:16,2
DA:18,8
DA:19,2
DA:20,1
DA:26,2
DA:28,14
DA:31,8
DA:32,8
DA:34,14
DA:37,42
DA:39,8
DA:45,4
DA:46,4
DA:48,4
DA:49,16
DA:50,16
DA:51,16
DA:52,8
DA:54,8
DA:59,3
DA:60,3
DA:63,3
DA:64,3
DA:69,12
DA:70,4
DA:71,4
DA:72,2
DA:74,7
DA:76,8
DA:78,12
DA:82,48
LF:32
LH:32
BRDA:18,0,0,2
BRDA:18,0,1,6
BRDA:19,1,0,1
BRDA:19,1,1,1
BRDA:19,2,0,2
BRDA:19,2,1,2
BRDA:32,3,0,2
BRDA:32,3,1,6
BRDA:51,4,0,8
BRDA:51,4,1,8
BRDA:52,5,0,5
BRDA:52,5,1,3
BRDA:54,6,0,3
BRDA:54,6,1,5
BRDA:59,7,0,2
BRDA:59,7,1,1
BRDA:69,8,0,4
BRDA:69,8,1,8
BRDA:69,9,0,12
BRDA:69,9,1,4
BRDA:71,10,0,2
BRDA:71,10,1,2
BRDA:72,11,0,1
BRDA:72,11,1,1
BRF:24
BRH:24
end_of_record
TN:
SF:/Users/liuwenjie/dev/learn/kaikeba/webFullStack/02-第二章Vue全家桶及源码剖析/06-通用组件库开发实战/vue-study/src/components/form/index.vue
FN:61,(anonymous_1)
FN:94,(anonymous_2)
FN:95,(anonymous_3)
FNF:3
FNH:0
FNDA:0,(anonymous_1)
FNDA:0,(anonymous_2)
FNDA:0,(anonymous_3)
DA:45,1
DA:46,1
DA:47,1
DA:48,1
DA:49,1
DA:50,1
DA:62,0
DA:95,0
DA:96,0
LF:9
LH:6
BRDA:98,0,0,0
BRDA:98,0,1,0
BRF:2
BRH:0
end_of_record
TN:
SF:/Users/liuwenjie/dev/learn/kaikeba/webFullStack/02-第二章Vue全家桶及源码剖析/06-通用组件库开发实战/vue-study/src/components/recursion/Tree.vue
FNF:0
FNH:0
DA:8,1
LF:1
LH:1
BRF:0
BRH:0
end_of_record
TN:
SF:/Users/liuwenjie/dev/learn/kaikeba/webFullStack/02-第二章Vue全家桶及源码剖析/06-通用组件库开发实战/vue-study/src/components/recursion/TreeNode.vue
FN:25,(anonymous_1)
FN:31,(anonymous_2)
FN:36,(anonymous_3)
FNF:3
FNH:0
FNDA:0,(anonymous_1)
FNDA:0,(anonymous_2)
FNDA:0,(anonymous_3)
DA:26,0
DA:32,0
DA:37,0
DA:38,0
LF:4
LH:0
BRDA:32,0,0,0
BRDA:32,0,1,0
BRDA:37,1,0,0
BRDA:37,1,1,0
BRF:4
BRH:0
end_of_record
TN:
SF:/Users/liuwenjie/dev/learn/kaikeba/webFullStack/02-第二章Vue全家桶及源码剖析/06-通用组件库开发实战/vue-study/src/components/recursion/index.vue
FN:8,(anonymous_1)
FNF:1
FNH:0
FNDA:0,(anonymous_1)
DA:6,1
DA:9,0
LF:2
LH:1
BRF:0
BRH:0
end_of_record
TN:
SF:/Users/liuwenjie/dev/learn/kaikeba/webFullStack/02-第二章Vue全家桶及源码剖析/06-通用组件库开发实战/vue-study/src/components/slots/Layout.vue
FN:17,(anonymous_1)
FN:31,(anonymous_2)
FNF:2
FNH:0
FNDA:0,(anonymous_1)
FNDA:0,(anonymous_2)
DA:18,0
DA:32,0
LF:2
LH:0
BRF:0
BRH:0
end_of_record
TN:
SF:/Users/liuwenjie/dev/learn/kaikeba/webFullStack/02-第二章Vue全家桶及源码剖析/06-通用组件库开发实战/vue-study/src/components/slots/index.vue
FNF:0
FNH:0
DA:17,1
LF:1
LH:1
BRF:0
BRH:0
end_of_record
TN:
SF:/Users/liuwenjie/dev/learn/kaikeba/webFullStack/02-第二章Vue全家桶及源码剖析/06-通用组件库开发实战/vue-study/src/icons/index.js
FNF:0
FNH:0
DA:5,0
DA:7,0
DA:8,0
DA:11,0
LF:4
LH:0
BRF:0
BRH:0
end_of_record
TN:
SF:/Users/liuwenjie/dev/learn/kaikeba/webFullStack/02-第二章Vue全家桶及源码剖析/06-通用组件库开发实战/vue-study/src/krouter/index.js
FN:21,(anonymous_0)
FNF:1
FNH:0
FNDA:0,(anonymous_0)
DA:6,0
DA:9,0
DA:21,0
DA:25,0
LF:4
LH:0
BRF:0
BRH:0
end_of_record
TN:
SF:/Users/liuwenjie/dev/learn/kaikeba/webFullStack/02-第二章Vue全家桶及源码剖析/06-通用组件库开发实战/vue-study/src/krouter/kvue-router.js
FN:6,(anonymous_0)
FN:17,(anonymous_1)
FN:26,(anonymous_2)
FN:32,(anonymous_3)
FN:49,(anonymous_4)
FN:57,(anonymous_5)
FN:63,(anonymous_6)
FNF:7
FNH:0
FNDA:0,(anonymous_0)
FNDA:0,(anonymous_1)
FNDA:0,(anonymous_2)
FNDA:0,(anonymous_3)
FNDA:0,(anonymous_4)
FNDA:0,(anonymous_5)
FNDA:0,(anonymous_6)
DA:8,0
DA:14,0
DA:17,0
DA:18,0
DA:20,0
DA:26,0
DA:27,0
DA:31,0
DA:34,0
DA:36,0
DA:42,0
DA:53,0
DA:56,0
DA:58,0
DA:62,0
DA:63,0
DA:65,0
DA:67,0
DA:70,0
LF:19
LH:0
BRDA:34,0,0,0
BRDA:34,0,1,0
BRDA:65,1,0,0
BRDA:65,1,1,0
BRF:4
BRH:0
end_of_record
TN:
SF:/Users/liuwenjie/dev/learn/kaikeba/webFullStack/02-第二章Vue全家桶及源码剖析/06-通用组件库开发实战/vue-study/src/kstore/index.js
FN:11,(anonymous_0)
FN:17,(anonymous_1)
FN:18,(anonymous_2)
FN:24,(anonymous_3)
FNF:4
FNH:0
FNDA:0,(anonymous_0)
FNDA:0,(anonymous_1)
FNDA:0,(anonymous_2)
FNDA:0,(anonymous_3)
DA:4,0
DA:13,0
DA:18,0
DA:19,0
DA:25,0
LF:5
LH:0
BRF:0
BRH:0
end_of_record
TN:
SF:/Users/liuwenjie/dev/learn/kaikeba/webFullStack/02-第二章Vue全家桶及源码剖析/06-通用组件库开发实战/vue-study/src/kstore/kvuex.js
FN:7,(anonymous_0)
FN:24,(anonymous_1)
FN:28,(anonymous_2)
FN:32,(anonymous_3)
FN:43,(anonymous_4)
FN:55,install
FN:59,(anonymous_6)
FNF:7
FNH:0
FNDA:0,(anonymous_0)
FNDA:0,(anonymous_1)
FNDA:0,(anonymous_2)
FNDA:0,(anonymous_3)
FNDA:0,(anonymous_4)
FNDA:0,install
FNDA:0,(anonymous_6)
DA:9,0
DA:16,0
DA:17,0
DA:20,0
DA:21,0
DA:25,0
DA:29,0
DA:33,0
DA:35,0
DA:36,0
DA:37,0
DA:40,0
DA:44,0
DA:46,0
DA:47,0
DA:48,0
DA:51,0
DA:56,0
DA:58,0
DA:60,0
DA:61,0
LF:21
LH:0
BRDA:35,0,0,0
BRDA:35,0,1,0
BRDA:46,1,0,0
BRDA:46,1,1,0
BRDA:60,2,0,0
BRDA:60,2,1,0
BRF:6
BRH:0
end_of_record
TN:
SF:/Users/liuwenjie/dev/learn/kaikeba/webFullStack/02-第二章Vue全家桶及源码剖析/06-通用组件库开发实战/vue-study/src/plugins/element.js
FNF:0
FNH:0
DA:5,0
LF:1
LH:0
BRF:0
BRH:0
end_of_record
TN:
SF:/Users/liuwenjie/dev/learn/kaikeba/webFullStack/02-第二章Vue全家桶及源码剖析/06-通用组件库开发实战/vue-study/src/router/index.js
FN:19,(anonymous_0)
FNF:1
FNH:0
FNDA:0,(anonymous_0)
DA:5,0
DA:7,0
DA:19,0
DA:23,0
LF:4
LH:0
BRF:0
BRH:0
end_of_record
TN:
SF:/Users/liuwenjie/dev/learn/kaikeba/webFullStack/02-第二章Vue全家桶及源码剖析/06-通用组件库开发实战/vue-study/src/store/index.js
FNF:0
FNH:0
DA:4,0
LF:1
LH:0
BRF:0
BRH:0
end_of_record
TN:
SF:/Users/liuwenjie/dev/learn/kaikeba/webFullStack/02-第二章Vue全家桶及源码剖析/06-通用组件库开发实战/vue-study/src/utils/create.js
FN:4,create
FN:12,(anonymous_1)
FN:24,(anonymous_2)
FNF:3
FNH:0
FNDA:0,create
FNDA:0,(anonymous_1)
FNDA:0,(anonymous_2)
DA:11,0
DA:12,0
DA:16,0
DA:18,0
DA:21,0
DA:24,0
DA:25,0
DA:26,0
DA:29,0
LF:9
LH:0
BRF:0
BRH:0
end_of_record
TN:
SF:/Users/liuwenjie/dev/learn/kaikeba/webFullStack/02-第二章Vue全家桶及源码剖析/06-通用组件库开发实战/vue-study/src/views/Home.vue
FNF:0
FNH:0
DA:10,0
LF:1
LH:0
BRF:0
BRH:0
end_of_record
